Accounts after deployment
┌─────────┬──────────────────────┬──────────────────────────────────────────────┬─────────────────────────────┐
│ (index) │         name         │                   account                    │           balance           │
├─────────┼──────────────────────┼──────────────────────────────────────────────┼─────────────────────────────┤
│    0    │      'deployer'      │ '0xa6932e7D4262A9E7D9f6982Bf8849199ab631686' │ '999999.997397591549720759' │
│    1    │     'poolAdmin'      │ '0xa6932e7D4262A9E7D9f6982Bf8849199ab631686' │ '999999.997397591549720759' │
│    2    │      'operator'      │ '0x66D1e5F498c21709dCFC916785f09Dcf2D663E63' │         '1000000.0'         │
│    3    │     'treasurer'      │ '0x66D1e5F498c21709dCFC916785f09Dcf2D663E63' │         '1000000.0'         │
│    4    │       'keeper'       │ '0xa6932e7D4262A9E7D9f6982Bf8849199ab631686' │ '999999.997397591549720759' │
│    5    │        'dao'         │ '0xa6932e7D4262A9E7D9f6982Bf8849199ab631686' │ '999999.997397591549720759' │
│    6    │    'feeReceiver'     │ '0xa6932e7D4262A9E7D9f6982Bf8849199ab631686' │ '999999.997397591549720759' │
│    7    │    'slipReceiver'    │ '0xa6932e7D4262A9E7D9f6982Bf8849199ab631686' │ '999999.997397591549720759' │
│    8    │   'teamAndAdvisor'   │ '0xdaC9045C49a19d998da465850E162Abbd34B014b' │         '1000000.0'         │
│    9    │  'privatePlacement'  │ '0xdaC9045C49a19d998da465850E162Abbd34B014b' │         '1000000.0'         │
│   10    │     'community'      │ '0xdaC9045C49a19d998da465850E162Abbd34B014b' │         '1000000.0'         │
│   11    │   'initLiquidity'    │ '0xdaC9045C49a19d998da465850E162Abbd34B014b' │         '1000000.0'         │
│   12    │  'marketOperation'   │ '0xdaC9045C49a19d998da465850E162Abbd34B014b' │         '1000000.0'         │
│   13    │     'ecoKeeper'      │ '0xdaC9045C49a19d998da465850E162Abbd34B014b' │         '1000000.0'         │
│   14    │ 'developmentReserve' │ '0xdaC9045C49a19d998da465850E162Abbd34B014b' │         '1000000.0'         │
│   15    │       'trader'       │ '0xe52317Dbf949073Cbd94864f7A740f97627acc89' │         '1000000.0'         │
│   16    │       'lpUser'       │ '0xe52317Dbf949073Cbd94864f7A740f97627acc89' │         '1000000.0'         │
└─────────┴──────────────────────┴──────────────────────────────────────────────┴─────────────────────────────┘

Deployments
┌───────────────────┬──────────────────────────────────────────────┐
│      (index)      │                   address                    │
├───────────────────┼──────────────────────────────────────────────┤
│       USDT        │ '0x87ae754028dAC18f1D1D8EB76B557C280906a6aa' │
│       WETH        │ '0x7025c220763196F126571B34A708fD700f67d363' │
│     Timelock      │ '0xCFeC1ae3Fb832647a9A1974602ad9FB771A0430C' │
│ AddressesProvider │ '0x7136bfA27550B9d0C28f87dC2560361e68f0a414' │
│    RoleManager    │ '0x4CEBC49D8964434431a9Bf617ed004f74Be8A563' │
│   MockPriceFeed   │ '0xDfeAA34359305f9189ACD2Fb3681B1C94835c1E0' │
│  OraclePriceFeed  │ '0x80a595b839e53a68b730e0deeBa52f1e2C87C0fC' │
│  IndexPriceFeed   │ '0xe5C9EcAae098d8eAb2F6dD7D56f6b5E6e48E0d05' │
│    PriceOracle    │ '0xED6BB6b7C6530AEb70a2f7917bbAe6a969DAd13F' │
│    FundingRate    │ '0x039a6D7f018Cf536D1Ea4503Fc372de120c32eCF' │
│ PoolTokenFactory  │ '0x86b3Ddcc1eC697cf975dFc6C0463BD0201afF353' │
│       Pool        │ '0xdCD0774871Cc61d2C9dD5fb6a71d466830dD2f10' │
│   FeeCollector    │ '0x015a8534d76D6EadfC9adD754D80A2DAa0C832B5' │
│    RiskReserve    │ '0x5D29Ddf0bB2CF70C6511bc54A4DdBD43A135871F' │
│  PositionManager  │ '0xe0f95B36Aea12418da3f53491aA652228713942D' │
│   OrderManager    │ '0x64d36A9e9A13d4b198d352a711B1E7AbF868A4Ab' │
│      Router       │ '0xFaF592e792936e684D59c1211796154975F4426b' │
│  ExecutionLogic   │ '0x74c3Bc926A7bDF81D6A9a212F0dCb8166E538b28' │
│     Executor      │ '0x256628FF76a2db9c3Fb10A1512B8bEdC4f1D0dF9' │
│   TestCallBack    │ '0x295528430103cEBC738CbF3cca765ee9d2b11011' │
│        MYX        │ '0xf4011F3Cb6e77a14C5943192Ac7197fEfE887b63' │
│       RaMYX       │ '0x9470Ca8ad8FC4474B09c58B9C445bc1cA8866804' │
│       StMYX       │ '0x509f6c6C41C671d7F4aa223a6219bD9C889f23c0' │
│      Vester       │ '0xcf0220a29D13d47b3d4f2DC59E7468F9e606B097' │
│    StakingPool    │ '0xd5F363D85Db1F0bb8bB16e95C15A5A8259D54583' │
│   LPStakingPool   │ '0xb679e480650730032D9a6f762eaAf2EC79d08149' │
│     Convertor     │ '0x2fa8e11dF61515913EFf40C95bf25C00dc72CDb8' │
│ RewardDistributor │ '0x75608fD59edb71152C7360F789B3245Cd1CB4Afc' │
│  FeeDistributor   │ '0xabDE58dBa1E456BE2BaC701CE40aCF4A3BFfA1dB' │
│      Faucet       │ '0x6eCBe043FA1DfC62a27A5041C5abfd51Dcb51e56' │
└───────────────────┴──────────────────────────────────────────────┘

MockedTokens
┌───────────────┬──────────────────────────────────────────────┐
│    (index)    │                   address                    │
├───────────────┼──────────────────────────────────────────────┤
│ MockToken-BTC │ '0x3fF8C9A44733E54a48170ed3839a80C46C912b00' │
│ MockToken-ETH │ '0xb0AB24c940313f6A1e05d01676Db5a4E4E8c79dc' │
└───────────────┴──────────────────────────────────────────────┘

BTC-USDT LP: 0x1dD6F74D0586138b0B358514c49CFaa760f1BBE3
ETH-USDT LP: 0x3E3fbEc25d0864B4b1870Dcdb5e703b34D259271
