Accounts
┌─────────┬────────────────┬──────────────────────────────────────────────┬───────────────────┐
│ (index) │      name      │                   account                    │      balance      │
├─────────┼────────────────┼──────────────────────────────────────────────┼───────────────────┤
│    0    │   'deployer'   │ '0xf39Fd6e51aad88F6F4ce6aB8827279cffFb92266' │ '9999.9998770525' │
│    1    │  'poolAdmin'   │ '0xf39Fd6e51aad88F6F4ce6aB8827279cffFb92266' │ '9999.9998770525' │
│    2    │   'operator'   │ '0x70997970C51812dc3A010C7d01b50e0d17dc79C8' │     '10000.0'     │
│    3    │  'treasurer'   │ '0x70997970C51812dc3A010C7d01b50e0d17dc79C8' │     '10000.0'     │
│    4    │    'keeper'    │ '0xf39Fd6e51aad88F6F4ce6aB8827279cffFb92266' │ '9999.9998770525' │
│    5    │ 'feeReceiver'  │ '0xf39Fd6e51aad88F6F4ce6aB8827279cffFb92266' │ '9999.9998770525' │
│    6    │ 'slipReceiver' │ '0xf39Fd6e51aad88F6F4ce6aB8827279cffFb92266' │ '9999.9998770525' │
└─────────┴────────────────┴──────────────────────────────────────────────┴───────────────────┘
Live network: false
deploying "AddressesProvider" (tx: 0x305a94a547f503c157fb3ac20f1ab32e92fd7274bbcd81f938821dd97ac53eae)...: deployed at 0xCf7Ed3AccA5a467e9e704C703E8D87F634fB0Fc9 with 423472 gas
deploying "RoleManager" (tx: 0x6bb29a550e5055d328cc18d2b7857c5d769da97693864507dacde959fe19f620)...: deployed at 0xDc64a140Aa3E981100a9becA4E685f962f0cF6C9 with 1028152 gas
deploying "USDT" (tx: 0xba4b9dae2d2c139de0db0d3b7f382d1b4d434e4e18eeb63485d9c42a05ed599f)...: deployed at 0x610178dA211FEF7D417bC0e6FeD39F05609AD788 with 903724 gas
deployed market token at 0x610178dA211FEF7D417bC0e6FeD39F05609AD788
deploying "WETH" (tx: 0x84515149da823a4d61fcd838ea4b48a74e614d3fe631e63d201a64fc077d2ca4)...: deployed at 0xB7f8BC63BbcaD18155201308C8f3540b07f84F5e with 673804 gas
deployed WETH at 0xB7f8BC63BbcaD18155201308C8f3540b07f84F5e
deploying "MockToken-BTC" (tx: 0x040f85b7582e88281d260c4bd801ccbda91a25d9431da33a24a2e6df6a30e802)...: deployed at 0xA51c1fc2f0D1a1b8494Ed1FE312d7C3a78Ed91C0 with 903712 gas
deploying "MockToken-ETH" (tx: 0x91e7e5aaf37c1b23fc851bd35c879753f45da105e2fd9fbec5e7b2b9ea34c04b)...: deployed at 0x0DCd1Bf9A1b36cE34237eEaFef220932846BCD82 with 903712 gas
deploying "OraclePriceFeed" (tx: 0xa5335a38220067b186fafb21af6e48fd7a227823d30d24965cceb0ae7b2cc64b)...: deployed at 0x0355B7B8cb128fA5692729Ab3AAa199C1753f726 with 596369 gas
deploying "MockPriceFeed-BTC" (tx: 0xc6e4c46e541c534e572fd157d92bd8e193d82d299530218844c26e5de8f669a1)...: deployed at 0x202CCe504e04bEd6fC0521238dDf04Bc9E8E15aB with 394516 gas
deploying "MockPriceFeed-ETH" (tx: 0x1d58f3c373d59fe34c4fe121553c3cac69e6814df6b0d729c7e299fae58d6126)...: deployed at 0x172076E0166D1F9Cc711C77Adf8488051744980C with 394516 gas
deploying "IndexPriceFeed" (tx: 0xe7b429800dd4e15fbfedff2d0e5423a469079a42e991b0246e795cf35c893941)...: deployed at 0xBEc49fA140aCaA83533fB00A2BB19bDdd0290f25 with 965054 gas
deploying "PairInfo" (tx: 0x8ab6732c107f101b3fa8813f29e3a2b979b470a1fa7287b3cd91dc970e776f32)...: deployed at 0x49fd2BE640DB2910c2fAb69bB8531Ab6E76127ff with 2380657 gas
deploying "PairVault" (tx: 0xb1a63c04421fa3840b9f156ddefeb27c1ab8d9079a9d8d2bc040cad505c60bb6)...: deployed at 0x4631BCAbD6dF18D94796344963cB60d44a4136b6 with 2110591 gas
deploying "PairLiquidity" (tx: 0xf5f00e06dc87d09e7b522a4e598945fa8c87ba58032d32bb93a697c030f659c9)...: deployed at 0x86A2EE8FAf9A840F7a2c64CA3d51209F9A02081D with 3873388 gas
deploying "TradingVault" (tx: 0x2afe8d472bb989d9e4fc5f89ad431e39861da883d3a81653bfe2f5b3a4b2cd50)...: deployed at 0xf953b3A269d80e3eB0F2947630Da976B896A8C5b with 5447190 gas
deploying "OrderManager" (tx: 0x946216c04614170b58370a88ffc41905b91ffd7ac9fec386b21001385648b99e)...: deployed at 0xAA292E8611aDF267e563f334Ee42320aC96D0463 with 3991000 gas
deploying "PositionManager" (tx: 0xf84aa6c7d1b00ffb16ce9f04f2852968aba91fdf2fef8ba22327dffd4e5d361f)...: deployed at 0x5c74c94173F05dA1720953407cbb920F3DF9f887 with 5354913 gas
deploying "Router" (tx: 0x8a6ce53f89afaca04c74a02ea78b435c0aff1c25f29444eebbd905049829fb55)...: deployed at 0x5067457698Fd6Fa1C6964e416b3f42713513B3dD with 1102374 gas
deploying "Executor" (tx: 0xb6d6a78177675abfcdc91cd6c3c32a1a81c20355bec803cc8db2223147022f66)...: deployed at 0x4b6aB5F819A515382B0dEB6935D793817bB4af28 with 1913417 gas
added pair [BTC/USDT] at index 0
added pair [ETH/USDT] at index 1
Configured all pairs [BTC,ETH]
=== Post deployment hook ===

Accounts after deployment
┌─────────┬────────────────┬──────────────────────────────────────────────┬───────────────────────────┐
│ (index) │      name      │                   account                    │          balance          │
├─────────┼────────────────┼──────────────────────────────────────────────┼───────────────────────────┤
│    0    │   'deployer'   │ '0xf39Fd6e51aad88F6F4ce6aB8827279cffFb92266' │ '9999.955573142176535218' │
│    1    │  'poolAdmin'   │ '0xf39Fd6e51aad88F6F4ce6aB8827279cffFb92266' │ '9999.955573142176535218' │
│    2    │   'operator'   │ '0x70997970C51812dc3A010C7d01b50e0d17dc79C8' │         '10000.0'         │
│    3    │  'treasurer'   │ '0x70997970C51812dc3A010C7d01b50e0d17dc79C8' │         '10000.0'         │
│    4    │    'keeper'    │ '0xf39Fd6e51aad88F6F4ce6aB8827279cffFb92266' │ '9999.955573142176535218' │
│    5    │ 'feeReceiver'  │ '0xf39Fd6e51aad88F6F4ce6aB8827279cffFb92266' │ '9999.955573142176535218' │
│    6    │ 'slipReceiver' │ '0xf39Fd6e51aad88F6F4ce6aB8827279cffFb92266' │ '9999.955573142176535218' │
└─────────┴────────────────┴──────────────────────────────────────────────┴───────────────────────────┘

Deployments
┌───────────────────┬──────────────────────────────────────────────┐
│      (index)      │                   address                    │
├───────────────────┼──────────────────────────────────────────────┤
│ AddressesProvider │ '0xCf7Ed3AccA5a467e9e704C703E8D87F634fB0Fc9' │
│    RoleManager    │ '0xDc64a140Aa3E981100a9becA4E685f962f0cF6C9' │
│       USDT        │ '0x610178dA211FEF7D417bC0e6FeD39F05609AD788' │
│       WETH        │ '0xB7f8BC63BbcaD18155201308C8f3540b07f84F5e' │
│  OraclePriceFeed  │ '0x0355B7B8cb128fA5692729Ab3AAa199C1753f726' │
│ MockPriceFeed-BTC │ '0x202CCe504e04bEd6fC0521238dDf04Bc9E8E15aB' │
│ MockPriceFeed-ETH │ '0x172076E0166D1F9Cc711C77Adf8488051744980C' │
│  IndexPriceFeed   │ '0xBEc49fA140aCaA83533fB00A2BB19bDdd0290f25' │
│     PairInfo      │ '0x49fd2BE640DB2910c2fAb69bB8531Ab6E76127ff' │
│     PairVault     │ '0x4631BCAbD6dF18D94796344963cB60d44a4136b6' │
│   PairLiquidity   │ '0x86A2EE8FAf9A840F7a2c64CA3d51209F9A02081D' │
│   TradingVault    │ '0xf953b3A269d80e3eB0F2947630Da976B896A8C5b' │
│   OrderManager    │ '0xAA292E8611aDF267e563f334Ee42320aC96D0463' │
│  PositionManager  │ '0x5c74c94173F05dA1720953407cbb920F3DF9f887' │
│      Router       │ '0x5067457698Fd6Fa1C6964e416b3f42713513B3dD' │
│     Executor      │ '0x4b6aB5F819A515382B0dEB6935D793817bB4af28' │
└───────────────────┴──────────────────────────────────────────────┘

MockedTokens
┌───────────────┬──────────────────────────────────────────────┐
│    (index)    │                   address                    │
├───────────────┼──────────────────────────────────────────────┤
│ MockToken-BTC │ '0xA51c1fc2f0D1a1b8494Ed1FE312d7C3a78Ed91C0' │
│ MockToken-ETH │ '0x0DCd1Bf9A1b36cE34237eEaFef220932846BCD82' │
└───────────────┴──────────────────────────────────────────────┘
=== Deploy Completed ===
✨  Done in 68.44s.
