Accounts
┌─────────┬────────────────┬──────────────────────────────────────────────┬─────────────────┐
│ (index) │      name      │                   account                    │     balance     │
├─────────┼────────────────┼──────────────────────────────────────────────┼─────────────────┤
│    0    │   'deployer'   │ '0xf39Fd6e51aad88F6F4ce6aB8827279cffFb92266' │ '9999.26212246' │
│    1    │  'poolAdmin'   │ '0xf39Fd6e51aad88F6F4ce6aB8827279cffFb92266' │ '9999.26212246' │
│    2    │   'operator'   │ '0x70997970C51812dc3A010C7d01b50e0d17dc79C8' │    '10000.0'    │
│    3    │  'treasurer'   │ '0x70997970C51812dc3A010C7d01b50e0d17dc79C8' │    '10000.0'    │
│    4    │    'keeper'    │ '0xf39Fd6e51aad88F6F4ce6aB8827279cffFb92266' │ '9999.26212246' │
│    5    │ 'feeReceiver'  │ '0xf39Fd6e51aad88F6F4ce6aB8827279cffFb92266' │ '9999.26212246' │
│    6    │ 'slipReceiver' │ '0xf39Fd6e51aad88F6F4ce6aB8827279cffFb92266' │ '9999.26212246' │
└─────────┴────────────────┴──────────────────────────────────────────────┴─────────────────┘
Live network: false
deploying "AddressesProvider" (tx: 0x033c8f6762da0758b858531fba70e873bb9d2536c22c1d99f4cf9d6a80834653)...: deployed at 0xFD471836031dc5108809D173A067e8486B9047A3 with 422066 gas
deploying "RoleManager" (tx: 0x48cd3833143d8a1806e3d60ef00e85be3df8bb5b351d2a70685fead069ba06af)...: deployed at 0xcbEAF3BDe82155F56486Fb5a1072cb8baAf547cc with 1048106 gas
deploying "USDT" (tx: 0x6944be893a0fdcf240c513b109c41b0eca2d335192f575153275aa71d3bf89cb)...: deployed at 0x1fA02b2d6A771842690194Cf62D91bdd92BfE28d with 899538 gas
deployed market token at 0x1fA02b2d6A771842690194Cf62D91bdd92BfE28d
deploying "WETH" (tx: 0x29fd9cb6527cb88aa8e98a6c7f65d90651f0c40adbbf2a3ac6ff5359c80f1264)...: deployed at 0xdbC43Ba45381e02825b14322cDdd15eC4B3164E6 with 669674 gas
deployed WETH at 0xdbC43Ba45381e02825b14322cDdd15eC4B3164E6
deploying "MockToken-BTC" (tx: 0xc70d7012f1fbeed5060f3e2a94a34579e8f60b02fb744a6a1870315bb69c3100)...: deployed at 0x04C89607413713Ec9775E14b954286519d836FEf with 899526 gas
deploying "MockToken-ETH" (tx: 0x788b65ece47b90fcdddf8e37ec917d5048aa17744961cebced01ea3acf6ce8a7)...: deployed at 0x4C4a2f8c81640e47606d3fd77B353E87Ba015584 with 899526 gas


deploying "OraclePriceFeed" (tx: 0xebfbc8903d23b3cd7e467598cc94daabf28084742de5422fecef573db03c2a92)...: deployed at 0xb9bEECD1A582768711dE1EE7B0A1d582D9d72a6C with 594907 gas
deploying "MockPriceFeed-BTC" (tx: 0xdcbb596a26cb307b6f30d855286e754ce0b9abf9aa3fd0d503b3671fe8b2b44c)...: deployed at 0x8A93d247134d91e0de6f96547cB0204e5BE8e5D8 with 390520 gas
deploying "MockPriceFeed-ETH" (tx: 0x6450d68bb4ad6612517cf878769d70e4945d36c244d4fe96b8f171605c36c658)...: deployed at 0xF32D39ff9f6Aa7a7A64d7a4F00a54826Ef791a55 with 390520 gas
deploying "IndexPriceFeed" (tx: 0xbc0767e9cf77346f03eb484e717ea5019e6b0fe539f4a08ef6c2fa14a80e0992)...: deployed at 0x99dBE4AEa58E518C50a1c04aE9b48C9F6354612f with 963474 gas
deploying "PairInfo" (tx: 0xd5567af19c3329fed68d684226414b0221148149ceb3d634df6f7b1691ff1f90)...: deployed at 0x32EEce76C2C2e8758584A83Ee2F522D4788feA0f with 2470667 gas
deploying "PairVault" (tx: 0xa3c278370ba49ff6647051d72f4a6cbcd6beabaf35327b5286d27518c1eeddb2)...: deployed at 0x01c1DeF3b91672704716159C9041Aeca392DdFfb with 1980920 gas
deploying "PairLiquidity" (tx: 0x37a2c1881014b94b01dcdacd1f3f147371865925af3d677f6bb2fd3bee0bdcd8)...: deployed at 0x02b0B4EFd909240FCB2Eb5FAe060dC60D112E3a4 with 4006398 gas
deploying "TradingVault" (tx: 0x4da6eaf977be0cabe6c1033f6fec8e4d9686970d1cc2de6d7ecd05a8fd916d5c)...: deployed at 0x638A246F0Ec8883eF68280293FFE8Cfbabe61B44 with 5450740 gas
deploying "OrderManager" (tx: 0x03e9e50fed75d21ba825f772073b74b6b1047db63e3452d5fd7bacef318320df)...: deployed at 0x6C2d83262fF84cBaDb3e416D527403135D757892 with 3993732 gas
deploying "PositionManager" (tx: 0x12b07aa1db6290626db4efd3eea116149026be875b10623f28193bedadf23033)...: deployed at 0xFD6F7A6a5c21A3f503EBaE7a473639974379c351 with 5319660 gas
deploying "Router" (tx: 0xeb5ecc89199ddb949799e0c2016c71e727f52adfa94f02dd17f1a73585438f8a)...: deployed at 0xa6e99A4ED7498b3cdDCBB61a6A607a4925Faa1B7 with 1100762 gas
deploying "Executor" (tx: 0xad86984d30acc83de507057908d913f5334d5e1b8c119280e730a866ad7c1cda)...: deployed at 0x5302E909d1e93e30F05B5D6Eea766363D14F9892 with 1910267 gas
added pair [BTC/USDT] at index 0
added pair [ETH/USDT] at index 1
Configured all pairs [BTC,ETH]
=== Post deployment hook ===

Accounts after deployment
┌─────────┬────────────────┬──────────────────────────────────────────────┬─────────────────┐
│ (index) │      name      │                   account                    │     balance     │
├─────────┼────────────────┼──────────────────────────────────────────────┼─────────────────┤
│    0    │   'deployer'   │ '0xf39Fd6e51aad88F6F4ce6aB8827279cffFb92266' │ '9998.43846772' │
│    1    │  'poolAdmin'   │ '0xf39Fd6e51aad88F6F4ce6aB8827279cffFb92266' │ '9998.43846772' │
│    2    │   'operator'   │ '0x70997970C51812dc3A010C7d01b50e0d17dc79C8' │    '10000.0'    │
│    3    │  'treasurer'   │ '0x70997970C51812dc3A010C7d01b50e0d17dc79C8' │    '10000.0'    │
│    4    │    'keeper'    │ '0xf39Fd6e51aad88F6F4ce6aB8827279cffFb92266' │ '9998.43846772' │
│    5    │ 'feeReceiver'  │ '0xf39Fd6e51aad88F6F4ce6aB8827279cffFb92266' │ '9998.43846772' │
│    6    │ 'slipReceiver' │ '0xf39Fd6e51aad88F6F4ce6aB8827279cffFb92266' │ '9998.43846772' │
└─────────┴────────────────┴──────────────────────────────────────────────┴─────────────────┘

Deployments
┌───────────────────┬──────────────────────────────────────────────┐
│      (index)      │                   address                    │
├───────────────────┼──────────────────────────────────────────────┤
│ AddressesProvider │ '0xFD471836031dc5108809D173A067e8486B9047A3' │
│    RoleManager    │ '0xcbEAF3BDe82155F56486Fb5a1072cb8baAf547cc' │
│       USDT        │ '0x1fA02b2d6A771842690194Cf62D91bdd92BfE28d' │
│       WETH        │ '0xdbC43Ba45381e02825b14322cDdd15eC4B3164E6' │
│  OraclePriceFeed  │ '0xb9bEECD1A582768711dE1EE7B0A1d582D9d72a6C' │
│ MockPriceFeed-BTC │ '0x8A93d247134d91e0de6f96547cB0204e5BE8e5D8' │
│ MockPriceFeed-ETH │ '0xF32D39ff9f6Aa7a7A64d7a4F00a54826Ef791a55' │
│  IndexPriceFeed   │ '0x99dBE4AEa58E518C50a1c04aE9b48C9F6354612f' │
│     PairInfo      │ '0x32EEce76C2C2e8758584A83Ee2F522D4788feA0f' │
│     PairVault     │ '0x01c1DeF3b91672704716159C9041Aeca392DdFfb' │
│   PairLiquidity   │ '0x02b0B4EFd909240FCB2Eb5FAe060dC60D112E3a4' │
│   TradingVault    │ '0x638A246F0Ec8883eF68280293FFE8Cfbabe61B44' │
│   OrderManager    │ '0x6C2d83262fF84cBaDb3e416D527403135D757892' │
│  PositionManager  │ '0xFD6F7A6a5c21A3f503EBaE7a473639974379c351' │
│      Router       │ '0xa6e99A4ED7498b3cdDCBB61a6A607a4925Faa1B7' │
│     Executor      │ '0x5302E909d1e93e30F05B5D6Eea766363D14F9892' │
└───────────────────┴──────────────────────────────────────────────┘

MockedTokens
┌───────────────┬──────────────────────────────────────────────┐
│    (index)    │                   address                    │
├───────────────┼──────────────────────────────────────────────┤
│ MockToken-BTC │ '0x04C89607413713Ec9775E14b954286519d836FEf' │
│ MockToken-ETH │ '0x4C4a2f8c81640e47606d3fd77B353E87Ba015584' │
└───────────────┴──────────────────────────────────────────────┘
=== Deploy Completed ===
